<?xml version="1.0" encoding="UTF-8"?>
<!-- Generated by org.testng.reporters.JUnitReportReporter -->
<testsuite hostname="DESKTOP-QD52DQT" name="com.Selenium.BussinessScripts.GmailTest" tests="1" failures="0" timestamp="10 Apr 2018 15:27:57 GMT" time="9.838" errors="0">
  <testcase name="gmailLogin" time="9.838" classname="com.Selenium.BussinessScripts.GmailTest"/>
</testsuite> <!-- com.Selenium.BussinessScripts.GmailTest -->
